<?xml version="1.0" encoding="UTF-8"?>
<!-- Generated by org.testng.reporters.JUnitXMLReporter -->
<testsuite ignored="0" hostname="Sujal" failures="0" tests="4" name="Test" time="98.564" errors="0" timestamp="09 Dec 2018 23:41:42 GMT">
  <testcase classname="com.testng.practise.edurekhs.testNGGroup" name="alogin" time="13.965"/>
  <testcase classname="com.testng.practise.edurekhs.testNGGroup" name="browsingAllCourses" time="48.971"/>
  <testcase classname="com.testng.practise.edurekhs.testNGGroup" name="clogout" time="13.074"/>
  <testcase classname="com.testng.practise.edurekhs.testNGGroup" name="signon" time="4.833"/>
</testsuite> <!-- Test -->
