<?xml version="1.0" encoding="UTF-8"?>
<testng-results ignored="0" total="1" passed="1" failed="0" skipped="0">
  <reporter-output>
  </reporter-output>
  <suite started-at="2019-03-21T11:09:13Z" name="Default suite" finished-at="2019-03-21T11:09:30Z" duration-ms="16749">
    <groups>
    </groups>
    <test started-at="2019-03-21T11:09:13Z" name="Default test" finished-at="2019-03-21T11:09:30Z" duration-ms="16749">
      <class name="selenium.TakeScreenshotFB">
        <test-method signature="launchBrowser()[pri:0, instance:selenium.TakeScreenshotFB@22d477c2]" started-at="2019-03-21T11:09:13Z" name="launchBrowser" finished-at="2019-03-21T11:09:29Z" duration-ms="16518" status="PASS">
          <reporter-output>
          </reporter-output>
        </test-method> <!-- launchBrowser -->
      </class> <!-- selenium.TakeScreenshotFB -->
    </test> <!-- Default test -->
  </suite> <!-- Default suite -->
</testng-results>
