<?xml version="1.0" encoding="UTF-8"?>
<testng-results ignored="0" total="4" passed="4" failed="0" skipped="0">
  <reporter-output>
  </reporter-output>
  <suite started-at="2018-12-09T23:40:03Z" name="Suite" finished-at="2018-12-09T23:41:42Z" duration-ms="98564">
    <groups>
      <group name="tier-4">
        <method signature="testNGGroup.signon()[pri:0, instance:com.testng.practise.edurekhs.testNGGroup@6986f93e]" name="signon" class="com.testng.practise.edurekhs.testNGGroup"/>
      </group> <!-- tier-4 -->
      <group name="tier-3">
        <method signature="testNGGroup.clogout()[pri:0, instance:com.testng.practise.edurekhs.testNGGroup@6986f93e]" name="clogout" class="com.testng.practise.edurekhs.testNGGroup"/>
      </group> <!-- tier-3 -->
      <group name="tier-2">
        <method signature="testNGGroup.browsingAllCourses()[pri:0, instance:com.testng.practise.edurekhs.testNGGroup@6986f93e]" name="browsingAllCourses" class="com.testng.practise.edurekhs.testNGGroup"/>
      </group> <!-- tier-2 -->
      <group name="tier-1">
        <method signature="testNGGroup.alogin()[pri:0, instance:com.testng.practise.edurekhs.testNGGroup@6986f93e]" name="alogin" class="com.testng.practise.edurekhs.testNGGroup"/>
      </group> <!-- tier-1 -->
    </groups>
    <test started-at="2018-12-09T23:40:03Z" name="Test" finished-at="2018-12-09T23:41:42Z" duration-ms="98564">
      <class name="com.testng.practise.edurekhs.testNGGroup">
        <test-method is-config="true" signature="openBrowser()[pri:0, instance:com.testng.practise.edurekhs.testNGGroup@6986f93e]" started-at="2018-12-09T23:40:03Z" name="openBrowser" finished-at="2018-12-09T23:40:20Z" duration-ms="16376" status="PASS">
          <reporter-output>
          </reporter-output>
        </test-method> <!-- openBrowser -->
        <test-method signature="alogin()[pri:0, instance:com.testng.practise.edurekhs.testNGGroup@6986f93e]" started-at="2018-12-09T23:40:20Z" name="alogin" finished-at="2018-12-09T23:40:34Z" duration-ms="13965" status="PASS">
          <reporter-output>
          </reporter-output>
        </test-method> <!-- alogin -->
        <test-method signature="browsingAllCourses()[pri:0, instance:com.testng.practise.edurekhs.testNGGroup@6986f93e]" started-at="2018-12-09T23:40:34Z" name="browsingAllCourses" finished-at="2018-12-09T23:41:23Z" duration-ms="48971" status="PASS">
          <reporter-output>
          </reporter-output>
        </test-method> <!-- browsingAllCourses -->
        <test-method signature="clogout()[pri:0, instance:com.testng.practise.edurekhs.testNGGroup@6986f93e]" started-at="2018-12-09T23:41:23Z" name="clogout" finished-at="2018-12-09T23:41:36Z" duration-ms="13074" status="PASS">
          <reporter-output>
          </reporter-output>
        </test-method> <!-- clogout -->
        <test-method signature="signon()[pri:0, instance:com.testng.practise.edurekhs.testNGGroup@6986f93e]" started-at="2018-12-09T23:41:36Z" name="signon" finished-at="2018-12-09T23:41:41Z" duration-ms="4833" status="PASS">
          <reporter-output>
          </reporter-output>
        </test-method> <!-- signon -->
        <test-method is-config="true" signature="closeBrowser()[pri:0, instance:com.testng.practise.edurekhs.testNGGroup@6986f93e]" started-at="2018-12-09T23:41:41Z" name="closeBrowser" finished-at="2018-12-09T23:41:42Z" duration-ms="917" status="PASS">
          <reporter-output>
          </reporter-output>
        </test-method> <!-- closeBrowser -->
      </class> <!-- com.testng.practise.edurekhs.testNGGroup -->
    </test> <!-- Test -->
  </suite> <!-- Suite -->
</testng-results>
